e:\matthew lewis final\engine - latest\engine\debug\engine.pdb
e:\matthew lewis final\engine - latest\engine\debug\engine.idb
e:\matthew lewis final\engine - latest\engine\debug\animatedobject.obj
e:\matthew lewis final\engine - latest\engine\debug\boundingvolume.obj
e:\matthew lewis final\engine - latest\engine\debug\deviceenumeration.obj
e:\matthew lewis final\engine - latest\engine\debug\engine.obj
e:\matthew lewis final\engine - latest\engine\debug\font.obj
e:\matthew lewis final\engine - latest\engine\debug\input.obj
e:\matthew lewis final\engine - latest\engine\debug\material.obj
e:\matthew lewis final\engine - latest\engine\debug\mesh.obj
e:\matthew lewis final\engine - latest\engine\debug\network.obj
e:\matthew lewis final\engine - latest\engine\debug\rendercache.obj
e:\matthew lewis final\engine - latest\engine\debug\scenemanager.obj
e:\matthew lewis final\engine - latest\engine\debug\sceneobject.obj
e:\matthew lewis final\engine - latest\engine\debug\scripting.obj
e:\matthew lewis final\engine - latest\engine\debug\spawnerobject.obj
e:\matthew lewis final\engine - latest\engine\debug\state.obj
e:\matthew lewis final\engine - latest\engine\debug\viewfrustum.obj
e:\matthew lewis final\engine - latest\engine\debug\resource.res
e:\matthew lewis final\engine - latest\debug\engine.lib
e:\matthew lewis final\engine - latest\debug\engine.pdb
e:\matthew lewis final\engine - latest\engine\debug\engine.tlog\cl.read.1.tlog
e:\matthew lewis final\engine - latest\engine\debug\engine.tlog\cl.write.1.tlog
e:\matthew lewis final\engine - latest\engine\debug\engine.tlog\cl.command.1.tlog
e:\matthew lewis final\engine - latest\engine\debug\engine.tlog\rc.read.1.tlog
e:\matthew lewis final\engine - latest\engine\debug\engine.tlog\rc.write.1.tlog
e:\matthew lewis final\engine - latest\engine\debug\engine.tlog\rc.command.1.tlog
e:\matthew lewis final\engine - latest\engine\debug\engine.tlog\lib-link-cvtres.read.1.tlog
e:\matthew lewis final\engine - latest\engine\debug\engine.tlog\lib-link-cvtres.write.1.tlog
e:\matthew lewis final\engine - latest\engine\debug\engine.tlog\lib.command.1.tlog
