  Bullet.cpp
  Game.cpp
Game.cpp(86): warning C4996: 'strcat': This function or variable may be unsafe. Consider using strcat_s instead. To disable deprecation, use _CRT_SECURE_NO_WARNINGS. See online help for details.
  C:\Program Files (x86)\Windows Kits\10\Include\10.0.10240.0\ucrt\string.h(90): note: see declaration of 'strcat'
Game.cpp(87): warning C4996: 'strcat': This function or variable may be unsafe. Consider using strcat_s instead. To disable deprecation, use _CRT_SECURE_NO_WARNINGS. See online help for details.
  C:\Program Files (x86)\Windows Kits\10\Include\10.0.10240.0\ucrt\string.h(90): note: see declaration of 'strcat'
Game.cpp(90): warning C4996: 'strcat': This function or variable may be unsafe. Consider using strcat_s instead. To disable deprecation, use _CRT_SECURE_NO_WARNINGS. See online help for details.
  C:\Program Files (x86)\Windows Kits\10\Include\10.0.10240.0\ucrt\string.h(90): note: see declaration of 'strcat'
Game.cpp(93): warning C4996: 'strcat': This function or variable may be unsafe. Consider using strcat_s instead. To disable deprecation, use _CRT_SECURE_NO_WARNINGS. See online help for details.
  C:\Program Files (x86)\Windows Kits\10\Include\10.0.10240.0\ucrt\string.h(90): note: see declaration of 'strcat'
Game.cpp(78): warning C4996: 'sprintf': This function or variable may be unsafe. Consider using sprintf_s instead. To disable deprecation, use _CRT_SECURE_NO_WARNINGS. See online help for details.
  C:\Program Files (x86)\Windows Kits\10\Include\10.0.10240.0\ucrt\stdio.h(1769): note: see declaration of 'sprintf'
Game.cpp(79): warning C4996: 'sprintf': This function or variable may be unsafe. Consider using sprintf_s instead. To disable deprecation, use _CRT_SECURE_NO_WARNINGS. See online help for details.
  C:\Program Files (x86)\Windows Kits\10\Include\10.0.10240.0\ucrt\stdio.h(1769): note: see declaration of 'sprintf'
Game.cpp(80): warning C4996: 'sprintf': This function or variable may be unsafe. Consider using sprintf_s instead. To disable deprecation, use _CRT_SECURE_NO_WARNINGS. See online help for details.
  C:\Program Files (x86)\Windows Kits\10\Include\10.0.10240.0\ucrt\stdio.h(1769): note: see declaration of 'sprintf'
Game.cpp(89): warning C4996: 'sprintf': This function or variable may be unsafe. Consider using sprintf_s instead. To disable deprecation, use _CRT_SECURE_NO_WARNINGS. See online help for details.
  C:\Program Files (x86)\Windows Kits\10\Include\10.0.10240.0\ucrt\stdio.h(1769): note: see declaration of 'sprintf'
Game.cpp(92): warning C4996: 'sprintf': This function or variable may be unsafe. Consider using sprintf_s instead. To disable deprecation, use _CRT_SECURE_NO_WARNINGS. See online help for details.
  C:\Program Files (x86)\Windows Kits\10\Include\10.0.10240.0\ucrt\stdio.h(1769): note: see declaration of 'sprintf'
Game.cpp(125): warning C4244: 'argument': conversion from 'double' to 'FLOAT', possible loss of data
  GameMaterial.cpp
  main.cpp
  Menu.cpp
Menu.cpp(27): warning C4996: 'wcstombs': This function or variable may be unsafe. Consider using wcstombs_s instead. To disable deprecation, use _CRT_SECURE_NO_WARNINGS. See online help for details.
  C:\Program Files (x86)\Windows Kits\10\Include\10.0.10240.0\ucrt\stdlib.h(1008): note: see declaration of 'wcstombs'
Menu.cpp(64): error C2664: 'BOOL SetWindowTextW(HWND,LPCWSTR)': cannot convert argument 2 from 'char [260]' to 'LPCWSTR'
  Menu.cpp(64): note: Types pointed to are unrelated; conversion requires reinterpret_cast, C-style cast or function-style cast
Menu.cpp(65): error C2664: 'BOOL SetWindowTextW(HWND,LPCWSTR)': cannot convert argument 2 from 'char [260]' to 'LPCWSTR'
  Menu.cpp(65): note: Types pointed to are unrelated; conversion requires reinterpret_cast, C-style cast or function-style cast
Menu.cpp(66): error C2664: 'BOOL SetWindowTextW(HWND,LPCWSTR)': cannot convert argument 2 from 'char [260]' to 'LPCWSTR'
  Menu.cpp(66): note: Types pointed to are unrelated; conversion requires reinterpret_cast, C-style cast or function-style cast
Menu.cpp(79): error C2664: 'int GetWindowTextW(HWND,LPWSTR,int)': cannot convert argument 2 from 'char [260]' to 'LPWSTR'
  Menu.cpp(79): note: Types pointed to are unrelated; conversion requires reinterpret_cast, C-style cast or function-style cast
Menu.cpp(80): error C2664: 'int GetWindowTextW(HWND,LPWSTR,int)': cannot convert argument 2 from 'char [260]' to 'LPWSTR'
  Menu.cpp(80): note: Types pointed to are unrelated; conversion requires reinterpret_cast, C-style cast or function-style cast
Menu.cpp(81): warning C4996: 'strcpy': This function or variable may be unsafe. Consider using strcpy_s instead. To disable deprecation, use _CRT_SECURE_NO_WARNINGS. See online help for details.
  C:\Program Files (x86)\Windows Kits\10\Include\10.0.10240.0\ucrt\string.h(119): note: see declaration of 'strcpy'
Menu.cpp(82): warning C4996: 'strcpy': This function or variable may be unsafe. Consider using strcpy_s instead. To disable deprecation, use _CRT_SECURE_NO_WARNINGS. See online help for details.
  C:\Program Files (x86)\Windows Kits\10\Include\10.0.10240.0\ucrt\string.h(119): note: see declaration of 'strcpy'
Menu.cpp(84): error C2664: 'int GetWindowTextW(HWND,LPWSTR,int)': cannot convert argument 2 from 'char [260]' to 'LPWSTR'
  Menu.cpp(84): note: Types pointed to are unrelated; conversion requires reinterpret_cast, C-style cast or function-style cast
Menu.cpp(119): error C2664: 'int GetWindowTextW(HWND,LPWSTR,int)': cannot convert argument 2 from 'char [260]' to 'LPWSTR'
  Menu.cpp(119): note: Types pointed to are unrelated; conversion requires reinterpret_cast, C-style cast or function-style cast
Menu.cpp(120): warning C4996: 'strcpy': This function or variable may be unsafe. Consider using strcpy_s instead. To disable deprecation, use _CRT_SECURE_NO_WARNINGS. See online help for details.
  C:\Program Files (x86)\Windows Kits\10\Include\10.0.10240.0\ucrt\string.h(119): note: see declaration of 'strcpy'
Menu.cpp(122): error C2664: 'int GetWindowTextW(HWND,LPWSTR,int)': cannot convert argument 2 from 'char [260]' to 'LPWSTR'
  Menu.cpp(122): note: Types pointed to are unrelated; conversion requires reinterpret_cast, C-style cast or function-style cast
Menu.cpp(89): warning C4996: 'sprintf': This function or variable may be unsafe. Consider using sprintf_s instead. To disable deprecation, use _CRT_SECURE_NO_WARNINGS. See online help for details.
  C:\Program Files (x86)\Windows Kits\10\Include\10.0.10240.0\ucrt\stdio.h(1769): note: see declaration of 'sprintf'
  PlayerManager.cpp
  PlayerObject.cpp
PlayerObject.cpp(12): warning C4996: 'strcpy': This function or variable may be unsafe. Consider using strcpy_s instead. To disable deprecation, use _CRT_SECURE_NO_WARNINGS. See online help for details.
  C:\Program Files (x86)\Windows Kits\10\Include\10.0.10240.0\ucrt\string.h(119): note: see declaration of 'strcpy'
  Weapon.cpp
Weapon.cpp(10): warning C4996: 'strcpy': This function or variable may be unsafe. Consider using strcpy_s instead. To disable deprecation, use _CRT_SECURE_NO_WARNINGS. See online help for details.
  C:\Program Files (x86)\Windows Kits\10\Include\10.0.10240.0\ucrt\string.h(119): note: see declaration of 'strcpy'
Weapon.cpp(42): warning C4996: 'sprintf': This function or variable may be unsafe. Consider using sprintf_s instead. To disable deprecation, use _CRT_SECURE_NO_WARNINGS. See online help for details.
  C:\Program Files (x86)\Windows Kits\10\Include\10.0.10240.0\ucrt\stdio.h(1769): note: see declaration of 'sprintf'
