e:\matthew lewis final\engine - latest\game\debug\vc140.pdb
e:\matthew lewis final\engine - latest\game\debug\vc140.idb
e:\matthew lewis final\engine - latest\game\debug\bullet.obj
e:\matthew lewis final\engine - latest\game\debug\game.obj
e:\matthew lewis final\engine - latest\game\debug\gamematerial.obj
e:\matthew lewis final\engine - latest\game\debug\main.obj
e:\matthew lewis final\engine - latest\game\debug\menu.obj
e:\matthew lewis final\engine - latest\game\debug\playermanager.obj
e:\matthew lewis final\engine - latest\game\debug\playerobject.obj
e:\matthew lewis final\engine - latest\game\debug\weapon.obj
e:\matthew lewis final\engine - latest\game\debug\resource.res
e:\matthew lewis final\engine - latest\debug\game.ilk
e:\matthew lewis final\engine - latest\debug\game.exe
e:\matthew lewis final\engine - latest\debug\game.pdb
e:\matthew lewis final\engine - latest\game\debug\game.tlog\cl.read.1.tlog
e:\matthew lewis final\engine - latest\game\debug\game.tlog\cl.write.1.tlog
e:\matthew lewis final\engine - latest\game\debug\game.tlog\cl.command.1.tlog
e:\matthew lewis final\engine - latest\game\debug\game.tlog\rc.read.1.tlog
e:\matthew lewis final\engine - latest\game\debug\game.tlog\rc.write.1.tlog
e:\matthew lewis final\engine - latest\game\debug\game.tlog\rc.command.1.tlog
e:\matthew lewis final\engine - latest\game\debug\game.tlog\link.command.1.tlog
e:\matthew lewis final\engine - latest\game\debug\game.tlog\link.read.1.tlog
e:\matthew lewis final\engine - latest\game\debug\game.tlog\link.write.1.tlog
